Performing C SOURCE FILE Test HAVE_GCC_PREFERRED_STACK_BOUNDARY failed with the following output:
Change Dir: /Users/cjfire/Documents/code/CLion/CLionProjects/CMakeFiles/CMakeTmp

Run Build Command:"/usr/bin/make" "cmTC_5d2b3/fast"
/Applications/Xcode.app/Contents/Developer/usr/bin/make -f CMakeFiles/cmTC_5d2b3.dir/build.make CMakeFiles/cmTC_5d2b3.dir/build
Building C object CMakeFiles/cmTC_5d2b3.dir/src.c.o
/Applications/Xcode.app/Contents/Developer/Toolchains/XcodeDefault.xctoolchain/usr/bin/cc   -g -O3 -idirafter /Users/cjfire/Documents/code/CLion/CLionProjects/libs/SDL2-2.0.7/src/video/khronos -DHAVE_GCC_PREFERRED_STACK_BOUNDARY -mpreferred-stack-boundary=2 -isysroot /Applications/Xcode.app/Contents/Developer/Platforms/MacOSX.platform/Developer/SDKs/MacOSX10.13.sdk   -o CMakeFiles/cmTC_5d2b3.dir/src.c.o   -c /Users/cjfire/Documents/code/CLion/CLionProjects/CMakeFiles/CMakeTmp/src.c
clang: error: unknown argument: '-mpreferred-stack-boundary=2'
make[1]: *** [CMakeFiles/cmTC_5d2b3.dir/src.c.o] Error 1
make: *** [cmTC_5d2b3/fast] Error 2

Source file was:
int x = 0; int main(int argc, char **argv) {}
Performing C SOURCE FILE Test HAVE_ALTIVEC_H_HDR failed with the following output:
Change Dir: /Users/cjfire/Documents/code/CLion/CLionProjects/CMakeFiles/CMakeTmp

Run Build Command:"/usr/bin/make" "cmTC_32074/fast"
/Applications/Xcode.app/Contents/Developer/usr/bin/make -f CMakeFiles/cmTC_32074.dir/build.make CMakeFiles/cmTC_32074.dir/build
Building C object CMakeFiles/cmTC_32074.dir/src.c.o
/Applications/Xcode.app/Contents/Developer/Toolchains/XcodeDefault.xctoolchain/usr/bin/cc   -g -O3 -idirafter /Users/cjfire/Documents/code/CLion/CLionProjects/libs/SDL2-2.0.7/src/video/khronos -DHAVE_ALTIVEC_H_HDR -maltivec -isysroot /Applications/Xcode.app/Contents/Developer/Platforms/MacOSX.platform/Developer/SDKs/MacOSX10.13.sdk   -o CMakeFiles/cmTC_32074.dir/src.c.o   -c /Users/cjfire/Documents/code/CLion/CLionProjects/CMakeFiles/CMakeTmp/src.c
clang: error: invalid argument '-faltivec' only allowed with 'ppc/ppc64/ppc64le'
make[1]: *** [CMakeFiles/cmTC_32074.dir/src.c.o] Error 1
make: *** [cmTC_32074/fast] Error 2

Source file was:

          #include <altivec.h>
          vector unsigned int vzero() {
              return vec_splat_u32(0);
          }
          int main(int argc, char **argv) { }
Performing C SOURCE FILE Test HAVE_ALTIVEC failed with the following output:
Change Dir: /Users/cjfire/Documents/code/CLion/CLionProjects/CMakeFiles/CMakeTmp

Run Build Command:"/usr/bin/make" "cmTC_2c12e/fast"
/Applications/Xcode.app/Contents/Developer/usr/bin/make -f CMakeFiles/cmTC_2c12e.dir/build.make CMakeFiles/cmTC_2c12e.dir/build
Building C object CMakeFiles/cmTC_2c12e.dir/src.c.o
/Applications/Xcode.app/Contents/Developer/Toolchains/XcodeDefault.xctoolchain/usr/bin/cc   -g -O3 -idirafter /Users/cjfire/Documents/code/CLion/CLionProjects/libs/SDL2-2.0.7/src/video/khronos -DHAVE_ALTIVEC -maltivec -isysroot /Applications/Xcode.app/Contents/Developer/Platforms/MacOSX.platform/Developer/SDKs/MacOSX10.13.sdk   -o CMakeFiles/cmTC_2c12e.dir/src.c.o   -c /Users/cjfire/Documents/code/CLion/CLionProjects/CMakeFiles/CMakeTmp/src.c
clang: error: invalid argument '-faltivec' only allowed with 'ppc/ppc64/ppc64le'
make[1]: *** [CMakeFiles/cmTC_2c12e.dir/src.c.o] Error 1
make: *** [cmTC_2c12e/fast] Error 2

Source file was:

          vector unsigned int vzero() {
              return vec_splat_u32(0);
          }
          int main(int argc, char **argv) { }
Determining if the include file malloc.h exists failed with the following output:
Change Dir: /Users/cjfire/Documents/code/CLion/CLionProjects/CMakeFiles/CMakeTmp

Run Build Command:"/usr/bin/make" "cmTC_ea84d/fast"
/Applications/Xcode.app/Contents/Developer/usr/bin/make -f CMakeFiles/cmTC_ea84d.dir/build.make CMakeFiles/cmTC_ea84d.dir/build
Building C object CMakeFiles/cmTC_ea84d.dir/CheckIncludeFile.c.o
/Applications/Xcode.app/Contents/Developer/Toolchains/XcodeDefault.xctoolchain/usr/bin/cc   -g -O3 -idirafter /Users/cjfire/Documents/code/CLion/CLionProjects/libs/SDL2-2.0.7/src/video/khronos  -isysroot /Applications/Xcode.app/Contents/Developer/Platforms/MacOSX.platform/Developer/SDKs/MacOSX10.13.sdk   -o CMakeFiles/cmTC_ea84d.dir/CheckIncludeFile.c.o   -c /Users/cjfire/Documents/code/CLion/CLionProjects/CMakeFiles/CMakeTmp/CheckIncludeFile.c
/Users/cjfire/Documents/code/CLion/CLionProjects/CMakeFiles/CMakeTmp/CheckIncludeFile.c:1:10: fatal error: 'malloc.h' file not found
#include <malloc.h>
         ^~~~~~~~~~
1 error generated.
make[1]: *** [CMakeFiles/cmTC_ea84d.dir/CheckIncludeFile.c.o] Error 1
make: *** [cmTC_ea84d/fast] Error 2


Determining if the function _strrev exists failed with the following output:
Change Dir: /Users/cjfire/Documents/code/CLion/CLionProjects/CMakeFiles/CMakeTmp

Run Build Command:"/usr/bin/make" "cmTC_579aa/fast"
/Applications/Xcode.app/Contents/Developer/usr/bin/make -f CMakeFiles/cmTC_579aa.dir/build.make CMakeFiles/cmTC_579aa.dir/build
Building C object CMakeFiles/cmTC_579aa.dir/CheckFunctionExists.c.o
/Applications/Xcode.app/Contents/Developer/Toolchains/XcodeDefault.xctoolchain/usr/bin/cc   -g -O3 -idirafter /Users/cjfire/Documents/code/CLion/CLionProjects/libs/SDL2-2.0.7/src/video/khronos -DCHECK_FUNCTION_EXISTS=_strrev -isysroot /Applications/Xcode.app/Contents/Developer/Platforms/MacOSX.platform/Developer/SDKs/MacOSX10.13.sdk   -o CMakeFiles/cmTC_579aa.dir/CheckFunctionExists.c.o   -c /Applications/CLion.app/Contents/bin/cmake/share/cmake-3.9/Modules/CheckFunctionExists.c
Linking C executable cmTC_579aa
/Applications/CLion.app/Contents/bin/cmake/bin/cmake -E cmake_link_script CMakeFiles/cmTC_579aa.dir/link.txt --verbose=1
/Applications/Xcode.app/Contents/Developer/Toolchains/XcodeDefault.xctoolchain/usr/bin/cc -g -O3 -idirafter /Users/cjfire/Documents/code/CLion/CLionProjects/libs/SDL2-2.0.7/src/video/khronos -DCHECK_FUNCTION_EXISTS=_strrev -isysroot /Applications/Xcode.app/Contents/Developer/Platforms/MacOSX.platform/Developer/SDKs/MacOSX10.13.sdk -Wl,-search_paths_first -Wl,-headerpad_max_install_names   CMakeFiles/cmTC_579aa.dir/CheckFunctionExists.c.o  -o cmTC_579aa 
Undefined symbols for architecture x86_64:
  "__strrev", referenced from:
      _main in CheckFunctionExists.c.o
ld: symbol(s) not found for architecture x86_64
clang: error: linker command failed with exit code 1 (use -v to see invocation)
make[1]: *** [cmTC_579aa] Error 1
make: *** [cmTC_579aa/fast] Error 2


Determining if the function _strupr exists failed with the following output:
Change Dir: /Users/cjfire/Documents/code/CLion/CLionProjects/CMakeFiles/CMakeTmp

Run Build Command:"/usr/bin/make" "cmTC_333d8/fast"
/Applications/Xcode.app/Contents/Developer/usr/bin/make -f CMakeFiles/cmTC_333d8.dir/build.make CMakeFiles/cmTC_333d8.dir/build
Building C object CMakeFiles/cmTC_333d8.dir/CheckFunctionExists.c.o
/Applications/Xcode.app/Contents/Developer/Toolchains/XcodeDefault.xctoolchain/usr/bin/cc   -g -O3 -idirafter /Users/cjfire/Documents/code/CLion/CLionProjects/libs/SDL2-2.0.7/src/video/khronos -DCHECK_FUNCTION_EXISTS=_strupr -isysroot /Applications/Xcode.app/Contents/Developer/Platforms/MacOSX.platform/Developer/SDKs/MacOSX10.13.sdk   -o CMakeFiles/cmTC_333d8.dir/CheckFunctionExists.c.o   -c /Applications/CLion.app/Contents/bin/cmake/share/cmake-3.9/Modules/CheckFunctionExists.c
Linking C executable cmTC_333d8
/Applications/CLion.app/Contents/bin/cmake/bin/cmake -E cmake_link_script CMakeFiles/cmTC_333d8.dir/link.txt --verbose=1
/Applications/Xcode.app/Contents/Developer/Toolchains/XcodeDefault.xctoolchain/usr/bin/cc -g -O3 -idirafter /Users/cjfire/Documents/code/CLion/CLionProjects/libs/SDL2-2.0.7/src/video/khronos -DCHECK_FUNCTION_EXISTS=_strupr -isysroot /Applications/Xcode.app/Contents/Developer/Platforms/MacOSX.platform/Developer/SDKs/MacOSX10.13.sdk -Wl,-search_paths_first -Wl,-headerpad_max_install_names   CMakeFiles/cmTC_333d8.dir/CheckFunctionExists.c.o  -o cmTC_333d8 
Undefined symbols for architecture x86_64:
  "__strupr", referenced from:
      _main in CheckFunctionExists.c.o
ld: symbol(s) not found for architecture x86_64
clang: error: linker command failed with exit code 1 (use -v to see invocation)
make[1]: *** [cmTC_333d8] Error 1
make: *** [cmTC_333d8/fast] Error 2


Determining if the function _strlwr exists failed with the following output:
Change Dir: /Users/cjfire/Documents/code/CLion/CLionProjects/CMakeFiles/CMakeTmp

Run Build Command:"/usr/bin/make" "cmTC_986c6/fast"
/Applications/Xcode.app/Contents/Developer/usr/bin/make -f CMakeFiles/cmTC_986c6.dir/build.make CMakeFiles/cmTC_986c6.dir/build
Building C object CMakeFiles/cmTC_986c6.dir/CheckFunctionExists.c.o
/Applications/Xcode.app/Contents/Developer/Toolchains/XcodeDefault.xctoolchain/usr/bin/cc   -g -O3 -idirafter /Users/cjfire/Documents/code/CLion/CLionProjects/libs/SDL2-2.0.7/src/video/khronos -DCHECK_FUNCTION_EXISTS=_strlwr -isysroot /Applications/Xcode.app/Contents/Developer/Platforms/MacOSX.platform/Developer/SDKs/MacOSX10.13.sdk   -o CMakeFiles/cmTC_986c6.dir/CheckFunctionExists.c.o   -c /Applications/CLion.app/Contents/bin/cmake/share/cmake-3.9/Modules/CheckFunctionExists.c
Linking C executable cmTC_986c6
/Applications/CLion.app/Contents/bin/cmake/bin/cmake -E cmake_link_script CMakeFiles/cmTC_986c6.dir/link.txt --verbose=1
/Applications/Xcode.app/Contents/Developer/Toolchains/XcodeDefault.xctoolchain/usr/bin/cc -g -O3 -idirafter /Users/cjfire/Documents/code/CLion/CLionProjects/libs/SDL2-2.0.7/src/video/khronos -DCHECK_FUNCTION_EXISTS=_strlwr -isysroot /Applications/Xcode.app/Contents/Developer/Platforms/MacOSX.platform/Developer/SDKs/MacOSX10.13.sdk -Wl,-search_paths_first -Wl,-headerpad_max_install_names   CMakeFiles/cmTC_986c6.dir/CheckFunctionExists.c.o  -o cmTC_986c6 
Undefined symbols for architecture x86_64:
  "__strlwr", referenced from:
      _main in CheckFunctionExists.c.o
ld: symbol(s) not found for architecture x86_64
clang: error: linker command failed with exit code 1 (use -v to see invocation)
make[1]: *** [cmTC_986c6] Error 1
make: *** [cmTC_986c6/fast] Error 2


Determining if the function itoa exists failed with the following output:
Change Dir: /Users/cjfire/Documents/code/CLion/CLionProjects/CMakeFiles/CMakeTmp

Run Build Command:"/usr/bin/make" "cmTC_8a65a/fast"
/Applications/Xcode.app/Contents/Developer/usr/bin/make -f CMakeFiles/cmTC_8a65a.dir/build.make CMakeFiles/cmTC_8a65a.dir/build
Building C object CMakeFiles/cmTC_8a65a.dir/CheckFunctionExists.c.o
/Applications/Xcode.app/Contents/Developer/Toolchains/XcodeDefault.xctoolchain/usr/bin/cc   -g -O3 -idirafter /Users/cjfire/Documents/code/CLion/CLionProjects/libs/SDL2-2.0.7/src/video/khronos -DCHECK_FUNCTION_EXISTS=itoa -isysroot /Applications/Xcode.app/Contents/Developer/Platforms/MacOSX.platform/Developer/SDKs/MacOSX10.13.sdk   -o CMakeFiles/cmTC_8a65a.dir/CheckFunctionExists.c.o   -c /Applications/CLion.app/Contents/bin/cmake/share/cmake-3.9/Modules/CheckFunctionExists.c
Linking C executable cmTC_8a65a
/Applications/CLion.app/Contents/bin/cmake/bin/cmake -E cmake_link_script CMakeFiles/cmTC_8a65a.dir/link.txt --verbose=1
/Applications/Xcode.app/Contents/Developer/Toolchains/XcodeDefault.xctoolchain/usr/bin/cc -g -O3 -idirafter /Users/cjfire/Documents/code/CLion/CLionProjects/libs/SDL2-2.0.7/src/video/khronos -DCHECK_FUNCTION_EXISTS=itoa -isysroot /Applications/Xcode.app/Contents/Developer/Platforms/MacOSX.platform/Developer/SDKs/MacOSX10.13.sdk -Wl,-search_paths_first -Wl,-headerpad_max_install_names   CMakeFiles/cmTC_8a65a.dir/CheckFunctionExists.c.o  -o cmTC_8a65a 
Undefined symbols for architecture x86_64:
  "_itoa", referenced from:
      _main in CheckFunctionExists.c.o
ld: symbol(s) not found for architecture x86_64
clang: error: linker command failed with exit code 1 (use -v to see invocation)
make[1]: *** [cmTC_8a65a] Error 1
make: *** [cmTC_8a65a/fast] Error 2


Determining if the function _ltoa exists failed with the following output:
Change Dir: /Users/cjfire/Documents/code/CLion/CLionProjects/CMakeFiles/CMakeTmp

Run Build Command:"/usr/bin/make" "cmTC_e4a4a/fast"
/Applications/Xcode.app/Contents/Developer/usr/bin/make -f CMakeFiles/cmTC_e4a4a.dir/build.make CMakeFiles/cmTC_e4a4a.dir/build
Building C object CMakeFiles/cmTC_e4a4a.dir/CheckFunctionExists.c.o
/Applications/Xcode.app/Contents/Developer/Toolchains/XcodeDefault.xctoolchain/usr/bin/cc   -g -O3 -idirafter /Users/cjfire/Documents/code/CLion/CLionProjects/libs/SDL2-2.0.7/src/video/khronos -DCHECK_FUNCTION_EXISTS=_ltoa -isysroot /Applications/Xcode.app/Contents/Developer/Platforms/MacOSX.platform/Developer/SDKs/MacOSX10.13.sdk   -o CMakeFiles/cmTC_e4a4a.dir/CheckFunctionExists.c.o   -c /Applications/CLion.app/Contents/bin/cmake/share/cmake-3.9/Modules/CheckFunctionExists.c
Linking C executable cmTC_e4a4a
/Applications/CLion.app/Contents/bin/cmake/bin/cmake -E cmake_link_script CMakeFiles/cmTC_e4a4a.dir/link.txt --verbose=1
/Applications/Xcode.app/Contents/Developer/Toolchains/XcodeDefault.xctoolchain/usr/bin/cc -g -O3 -idirafter /Users/cjfire/Documents/code/CLion/CLionProjects/libs/SDL2-2.0.7/src/video/khronos -DCHECK_FUNCTION_EXISTS=_ltoa -isysroot /Applications/Xcode.app/Contents/Developer/Platforms/MacOSX.platform/Developer/SDKs/MacOSX10.13.sdk -Wl,-search_paths_first -Wl,-headerpad_max_install_names   CMakeFiles/cmTC_e4a4a.dir/CheckFunctionExists.c.o  -o cmTC_e4a4a 
Undefined symbols for architecture x86_64:
  "__ltoa", referenced from:
      _main in CheckFunctionExists.c.o
ld: symbol(s) not found for architecture x86_64
clang: error: linker command failed with exit code 1 (use -v to see invocation)
make[1]: *** [cmTC_e4a4a] Error 1
make: *** [cmTC_e4a4a/fast] Error 2


Determining if the function _uitoa exists failed with the following output:
Change Dir: /Users/cjfire/Documents/code/CLion/CLionProjects/CMakeFiles/CMakeTmp

Run Build Command:"/usr/bin/make" "cmTC_bdbd2/fast"
/Applications/Xcode.app/Contents/Developer/usr/bin/make -f CMakeFiles/cmTC_bdbd2.dir/build.make CMakeFiles/cmTC_bdbd2.dir/build
Building C object CMakeFiles/cmTC_bdbd2.dir/CheckFunctionExists.c.o
/Applications/Xcode.app/Contents/Developer/Toolchains/XcodeDefault.xctoolchain/usr/bin/cc   -g -O3 -idirafter /Users/cjfire/Documents/code/CLion/CLionProjects/libs/SDL2-2.0.7/src/video/khronos -DCHECK_FUNCTION_EXISTS=_uitoa -isysroot /Applications/Xcode.app/Contents/Developer/Platforms/MacOSX.platform/Developer/SDKs/MacOSX10.13.sdk   -o CMakeFiles/cmTC_bdbd2.dir/CheckFunctionExists.c.o   -c /Applications/CLion.app/Contents/bin/cmake/share/cmake-3.9/Modules/CheckFunctionExists.c
Linking C executable cmTC_bdbd2
/Applications/CLion.app/Contents/bin/cmake/bin/cmake -E cmake_link_script CMakeFiles/cmTC_bdbd2.dir/link.txt --verbose=1
/Applications/Xcode.app/Contents/Developer/Toolchains/XcodeDefault.xctoolchain/usr/bin/cc -g -O3 -idirafter /Users/cjfire/Documents/code/CLion/CLionProjects/libs/SDL2-2.0.7/src/video/khronos -DCHECK_FUNCTION_EXISTS=_uitoa -isysroot /Applications/Xcode.app/Contents/Developer/Platforms/MacOSX.platform/Developer/SDKs/MacOSX10.13.sdk -Wl,-search_paths_first -Wl,-headerpad_max_install_names   CMakeFiles/cmTC_bdbd2.dir/CheckFunctionExists.c.o  -o cmTC_bdbd2 
Undefined symbols for architecture x86_64:
  "__uitoa", referenced from:
      _main in CheckFunctionExists.c.o
ld: symbol(s) not found for architecture x86_64
clang: error: linker command failed with exit code 1 (use -v to see invocation)
make[1]: *** [cmTC_bdbd2] Error 1
make: *** [cmTC_bdbd2/fast] Error 2


Determining if the function _ultoa exists failed with the following output:
Change Dir: /Users/cjfire/Documents/code/CLion/CLionProjects/CMakeFiles/CMakeTmp

Run Build Command:"/usr/bin/make" "cmTC_96e6b/fast"
/Applications/Xcode.app/Contents/Developer/usr/bin/make -f CMakeFiles/cmTC_96e6b.dir/build.make CMakeFiles/cmTC_96e6b.dir/build
Building C object CMakeFiles/cmTC_96e6b.dir/CheckFunctionExists.c.o
/Applications/Xcode.app/Contents/Developer/Toolchains/XcodeDefault.xctoolchain/usr/bin/cc   -g -O3 -idirafter /Users/cjfire/Documents/code/CLion/CLionProjects/libs/SDL2-2.0.7/src/video/khronos -DCHECK_FUNCTION_EXISTS=_ultoa -isysroot /Applications/Xcode.app/Contents/Developer/Platforms/MacOSX.platform/Developer/SDKs/MacOSX10.13.sdk   -o CMakeFiles/cmTC_96e6b.dir/CheckFunctionExists.c.o   -c /Applications/CLion.app/Contents/bin/cmake/share/cmake-3.9/Modules/CheckFunctionExists.c
Linking C executable cmTC_96e6b
/Applications/CLion.app/Contents/bin/cmake/bin/cmake -E cmake_link_script CMakeFiles/cmTC_96e6b.dir/link.txt --verbose=1
/Applications/Xcode.app/Contents/Developer/Toolchains/XcodeDefault.xctoolchain/usr/bin/cc -g -O3 -idirafter /Users/cjfire/Documents/code/CLion/CLionProjects/libs/SDL2-2.0.7/src/video/khronos -DCHECK_FUNCTION_EXISTS=_ultoa -isysroot /Applications/Xcode.app/Contents/Developer/Platforms/MacOSX.platform/Developer/SDKs/MacOSX10.13.sdk -Wl,-search_paths_first -Wl,-headerpad_max_install_names   CMakeFiles/cmTC_96e6b.dir/CheckFunctionExists.c.o  -o cmTC_96e6b 
Undefined symbols for architecture x86_64:
  "__ultoa", referenced from:
      _main in CheckFunctionExists.c.o
ld: symbol(s) not found for architecture x86_64
clang: error: linker command failed with exit code 1 (use -v to see invocation)
make[1]: *** [cmTC_96e6b] Error 1
make: *** [cmTC_96e6b/fast] Error 2


Determining if the function _i64toa exists failed with the following output:
Change Dir: /Users/cjfire/Documents/code/CLion/CLionProjects/CMakeFiles/CMakeTmp

Run Build Command:"/usr/bin/make" "cmTC_ecd13/fast"
/Applications/Xcode.app/Contents/Developer/usr/bin/make -f CMakeFiles/cmTC_ecd13.dir/build.make CMakeFiles/cmTC_ecd13.dir/build
Building C object CMakeFiles/cmTC_ecd13.dir/CheckFunctionExists.c.o
/Applications/Xcode.app/Contents/Developer/Toolchains/XcodeDefault.xctoolchain/usr/bin/cc   -g -O3 -idirafter /Users/cjfire/Documents/code/CLion/CLionProjects/libs/SDL2-2.0.7/src/video/khronos -DCHECK_FUNCTION_EXISTS=_i64toa -isysroot /Applications/Xcode.app/Contents/Developer/Platforms/MacOSX.platform/Developer/SDKs/MacOSX10.13.sdk   -o CMakeFiles/cmTC_ecd13.dir/CheckFunctionExists.c.o   -c /Applications/CLion.app/Contents/bin/cmake/share/cmake-3.9/Modules/CheckFunctionExists.c
Linking C executable cmTC_ecd13
/Applications/CLion.app/Contents/bin/cmake/bin/cmake -E cmake_link_script CMakeFiles/cmTC_ecd13.dir/link.txt --verbose=1
/Applications/Xcode.app/Contents/Developer/Toolchains/XcodeDefault.xctoolchain/usr/bin/cc -g -O3 -idirafter /Users/cjfire/Documents/code/CLion/CLionProjects/libs/SDL2-2.0.7/src/video/khronos -DCHECK_FUNCTION_EXISTS=_i64toa -isysroot /Applications/Xcode.app/Contents/Developer/Platforms/MacOSX.platform/Developer/SDKs/MacOSX10.13.sdk -Wl,-search_paths_first -Wl,-headerpad_max_install_names   CMakeFiles/cmTC_ecd13.dir/CheckFunctionExists.c.o  -o cmTC_ecd13 
Undefined symbols for architecture x86_64:
  "__i64toa", referenced from:
      _main in CheckFunctionExists.c.o
ld: symbol(s) not found for architecture x86_64
clang: error: linker command failed with exit code 1 (use -v to see invocation)
make[1]: *** [cmTC_ecd13] Error 1
make: *** [cmTC_ecd13/fast] Error 2


Determining if the function _ui64toa exists failed with the following output:
Change Dir: /Users/cjfire/Documents/code/CLion/CLionProjects/CMakeFiles/CMakeTmp

Run Build Command:"/usr/bin/make" "cmTC_9c1ac/fast"
/Applications/Xcode.app/Contents/Developer/usr/bin/make -f CMakeFiles/cmTC_9c1ac.dir/build.make CMakeFiles/cmTC_9c1ac.dir/build
Building C object CMakeFiles/cmTC_9c1ac.dir/CheckFunctionExists.c.o
/Applications/Xcode.app/Contents/Developer/Toolchains/XcodeDefault.xctoolchain/usr/bin/cc   -g -O3 -idirafter /Users/cjfire/Documents/code/CLion/CLionProjects/libs/SDL2-2.0.7/src/video/khronos -DCHECK_FUNCTION_EXISTS=_ui64toa -isysroot /Applications/Xcode.app/Contents/Developer/Platforms/MacOSX.platform/Developer/SDKs/MacOSX10.13.sdk   -o CMakeFiles/cmTC_9c1ac.dir/CheckFunctionExists.c.o   -c /Applications/CLion.app/Contents/bin/cmake/share/cmake-3.9/Modules/CheckFunctionExists.c
Linking C executable cmTC_9c1ac
/Applications/CLion.app/Contents/bin/cmake/bin/cmake -E cmake_link_script CMakeFiles/cmTC_9c1ac.dir/link.txt --verbose=1
/Applications/Xcode.app/Contents/Developer/Toolchains/XcodeDefault.xctoolchain/usr/bin/cc -g -O3 -idirafter /Users/cjfire/Documents/code/CLion/CLionProjects/libs/SDL2-2.0.7/src/video/khronos -DCHECK_FUNCTION_EXISTS=_ui64toa -isysroot /Applications/Xcode.app/Contents/Developer/Platforms/MacOSX.platform/Developer/SDKs/MacOSX10.13.sdk -Wl,-search_paths_first -Wl,-headerpad_max_install_names   CMakeFiles/cmTC_9c1ac.dir/CheckFunctionExists.c.o  -o cmTC_9c1ac 
Undefined symbols for architecture x86_64:
  "__ui64toa", referenced from:
      _main in CheckFunctionExists.c.o
ld: symbol(s) not found for architecture x86_64
clang: error: linker command failed with exit code 1 (use -v to see invocation)
make[1]: *** [cmTC_9c1ac] Error 1
make: *** [cmTC_9c1ac/fast] Error 2


Determining if the function _stricmp exists failed with the following output:
Change Dir: /Users/cjfire/Documents/code/CLion/CLionProjects/CMakeFiles/CMakeTmp

Run Build Command:"/usr/bin/make" "cmTC_0bdf2/fast"
/Applications/Xcode.app/Contents/Developer/usr/bin/make -f CMakeFiles/cmTC_0bdf2.dir/build.make CMakeFiles/cmTC_0bdf2.dir/build
Building C object CMakeFiles/cmTC_0bdf2.dir/CheckFunctionExists.c.o
/Applications/Xcode.app/Contents/Developer/Toolchains/XcodeDefault.xctoolchain/usr/bin/cc   -g -O3 -idirafter /Users/cjfire/Documents/code/CLion/CLionProjects/libs/SDL2-2.0.7/src/video/khronos -DCHECK_FUNCTION_EXISTS=_stricmp -isysroot /Applications/Xcode.app/Contents/Developer/Platforms/MacOSX.platform/Developer/SDKs/MacOSX10.13.sdk   -o CMakeFiles/cmTC_0bdf2.dir/CheckFunctionExists.c.o   -c /Applications/CLion.app/Contents/bin/cmake/share/cmake-3.9/Modules/CheckFunctionExists.c
Linking C executable cmTC_0bdf2
/Applications/CLion.app/Contents/bin/cmake/bin/cmake -E cmake_link_script CMakeFiles/cmTC_0bdf2.dir/link.txt --verbose=1
/Applications/Xcode.app/Contents/Developer/Toolchains/XcodeDefault.xctoolchain/usr/bin/cc -g -O3 -idirafter /Users/cjfire/Documents/code/CLion/CLionProjects/libs/SDL2-2.0.7/src/video/khronos -DCHECK_FUNCTION_EXISTS=_stricmp -isysroot /Applications/Xcode.app/Contents/Developer/Platforms/MacOSX.platform/Developer/SDKs/MacOSX10.13.sdk -Wl,-search_paths_first -Wl,-headerpad_max_install_names   CMakeFiles/cmTC_0bdf2.dir/CheckFunctionExists.c.o  -o cmTC_0bdf2 
Undefined symbols for architecture x86_64:
  "__stricmp", referenced from:
      _main in CheckFunctionExists.c.o
ld: symbol(s) not found for architecture x86_64
clang: error: linker command failed with exit code 1 (use -v to see invocation)
make[1]: *** [cmTC_0bdf2] Error 1
make: *** [cmTC_0bdf2/fast] Error 2


Determining if the function _strnicmp exists failed with the following output:
Change Dir: /Users/cjfire/Documents/code/CLion/CLionProjects/CMakeFiles/CMakeTmp

Run Build Command:"/usr/bin/make" "cmTC_fe605/fast"
/Applications/Xcode.app/Contents/Developer/usr/bin/make -f CMakeFiles/cmTC_fe605.dir/build.make CMakeFiles/cmTC_fe605.dir/build
Building C object CMakeFiles/cmTC_fe605.dir/CheckFunctionExists.c.o
/Applications/Xcode.app/Contents/Developer/Toolchains/XcodeDefault.xctoolchain/usr/bin/cc   -g -O3 -idirafter /Users/cjfire/Documents/code/CLion/CLionProjects/libs/SDL2-2.0.7/src/video/khronos -DCHECK_FUNCTION_EXISTS=_strnicmp -isysroot /Applications/Xcode.app/Contents/Developer/Platforms/MacOSX.platform/Developer/SDKs/MacOSX10.13.sdk   -o CMakeFiles/cmTC_fe605.dir/CheckFunctionExists.c.o   -c /Applications/CLion.app/Contents/bin/cmake/share/cmake-3.9/Modules/CheckFunctionExists.c
Linking C executable cmTC_fe605
/Applications/CLion.app/Contents/bin/cmake/bin/cmake -E cmake_link_script CMakeFiles/cmTC_fe605.dir/link.txt --verbose=1
/Applications/Xcode.app/Contents/Developer/Toolchains/XcodeDefault.xctoolchain/usr/bin/cc -g -O3 -idirafter /Users/cjfire/Documents/code/CLion/CLionProjects/libs/SDL2-2.0.7/src/video/khronos -DCHECK_FUNCTION_EXISTS=_strnicmp -isysroot /Applications/Xcode.app/Contents/Developer/Platforms/MacOSX.platform/Developer/SDKs/MacOSX10.13.sdk -Wl,-search_paths_first -Wl,-headerpad_max_install_names   CMakeFiles/cmTC_fe605.dir/CheckFunctionExists.c.o  -o cmTC_fe605 
Undefined symbols for architecture x86_64:
  "__strnicmp", referenced from:
      _main in CheckFunctionExists.c.o
ld: symbol(s) not found for architecture x86_64
clang: error: linker command failed with exit code 1 (use -v to see invocation)
make[1]: *** [cmTC_fe605] Error 1
make: *** [cmTC_fe605/fast] Error 2


Determining if the function fopen64 exists failed with the following output:
Change Dir: /Users/cjfire/Documents/code/CLion/CLionProjects/CMakeFiles/CMakeTmp

Run Build Command:"/usr/bin/make" "cmTC_d2dae/fast"
/Applications/Xcode.app/Contents/Developer/usr/bin/make -f CMakeFiles/cmTC_d2dae.dir/build.make CMakeFiles/cmTC_d2dae.dir/build
Building C object CMakeFiles/cmTC_d2dae.dir/CheckFunctionExists.c.o
/Applications/Xcode.app/Contents/Developer/Toolchains/XcodeDefault.xctoolchain/usr/bin/cc   -g -O3 -idirafter /Users/cjfire/Documents/code/CLion/CLionProjects/libs/SDL2-2.0.7/src/video/khronos -DCHECK_FUNCTION_EXISTS=fopen64 -isysroot /Applications/Xcode.app/Contents/Developer/Platforms/MacOSX.platform/Developer/SDKs/MacOSX10.13.sdk   -o CMakeFiles/cmTC_d2dae.dir/CheckFunctionExists.c.o   -c /Applications/CLion.app/Contents/bin/cmake/share/cmake-3.9/Modules/CheckFunctionExists.c
Linking C executable cmTC_d2dae
/Applications/CLion.app/Contents/bin/cmake/bin/cmake -E cmake_link_script CMakeFiles/cmTC_d2dae.dir/link.txt --verbose=1
/Applications/Xcode.app/Contents/Developer/Toolchains/XcodeDefault.xctoolchain/usr/bin/cc -g -O3 -idirafter /Users/cjfire/Documents/code/CLion/CLionProjects/libs/SDL2-2.0.7/src/video/khronos -DCHECK_FUNCTION_EXISTS=fopen64 -isysroot /Applications/Xcode.app/Contents/Developer/Platforms/MacOSX.platform/Developer/SDKs/MacOSX10.13.sdk -Wl,-search_paths_first -Wl,-headerpad_max_install_names   CMakeFiles/cmTC_d2dae.dir/CheckFunctionExists.c.o  -o cmTC_d2dae 
Undefined symbols for architecture x86_64:
  "_fopen64", referenced from:
      _main in CheckFunctionExists.c.o
ld: symbol(s) not found for architecture x86_64
clang: error: linker command failed with exit code 1 (use -v to see invocation)
make[1]: *** [cmTC_d2dae] Error 1
make: *** [cmTC_d2dae/fast] Error 2


Determining if the function fseeko64 exists failed with the following output:
Change Dir: /Users/cjfire/Documents/code/CLion/CLionProjects/CMakeFiles/CMakeTmp

Run Build Command:"/usr/bin/make" "cmTC_e617b/fast"
/Applications/Xcode.app/Contents/Developer/usr/bin/make -f CMakeFiles/cmTC_e617b.dir/build.make CMakeFiles/cmTC_e617b.dir/build
Building C object CMakeFiles/cmTC_e617b.dir/CheckFunctionExists.c.o
/Applications/Xcode.app/Contents/Developer/Toolchains/XcodeDefault.xctoolchain/usr/bin/cc   -g -O3 -idirafter /Users/cjfire/Documents/code/CLion/CLionProjects/libs/SDL2-2.0.7/src/video/khronos -DCHECK_FUNCTION_EXISTS=fseeko64 -isysroot /Applications/Xcode.app/Contents/Developer/Platforms/MacOSX.platform/Developer/SDKs/MacOSX10.13.sdk   -o CMakeFiles/cmTC_e617b.dir/CheckFunctionExists.c.o   -c /Applications/CLion.app/Contents/bin/cmake/share/cmake-3.9/Modules/CheckFunctionExists.c
Linking C executable cmTC_e617b
/Applications/CLion.app/Contents/bin/cmake/bin/cmake -E cmake_link_script CMakeFiles/cmTC_e617b.dir/link.txt --verbose=1
/Applications/Xcode.app/Contents/Developer/Toolchains/XcodeDefault.xctoolchain/usr/bin/cc -g -O3 -idirafter /Users/cjfire/Documents/code/CLion/CLionProjects/libs/SDL2-2.0.7/src/video/khronos -DCHECK_FUNCTION_EXISTS=fseeko64 -isysroot /Applications/Xcode.app/Contents/Developer/Platforms/MacOSX.platform/Developer/SDKs/MacOSX10.13.sdk -Wl,-search_paths_first -Wl,-headerpad_max_install_names   CMakeFiles/cmTC_e617b.dir/CheckFunctionExists.c.o  -o cmTC_e617b 
Undefined symbols for architecture x86_64:
  "_fseeko64", referenced from:
      _main in CheckFunctionExists.c.o
ld: symbol(s) not found for architecture x86_64
clang: error: linker command failed with exit code 1 (use -v to see invocation)
make[1]: *** [cmTC_e617b] Error 1
make: *** [cmTC_e617b/fast] Error 2


Determining if the function getauxval exists failed with the following output:
Change Dir: /Users/cjfire/Documents/code/CLion/CLionProjects/CMakeFiles/CMakeTmp

Run Build Command:"/usr/bin/make" "cmTC_d59ea/fast"
/Applications/Xcode.app/Contents/Developer/usr/bin/make -f CMakeFiles/cmTC_d59ea.dir/build.make CMakeFiles/cmTC_d59ea.dir/build
Building C object CMakeFiles/cmTC_d59ea.dir/CheckFunctionExists.c.o
/Applications/Xcode.app/Contents/Developer/Toolchains/XcodeDefault.xctoolchain/usr/bin/cc   -g -O3 -idirafter /Users/cjfire/Documents/code/CLion/CLionProjects/libs/SDL2-2.0.7/src/video/khronos -DCHECK_FUNCTION_EXISTS=getauxval -isysroot /Applications/Xcode.app/Contents/Developer/Platforms/MacOSX.platform/Developer/SDKs/MacOSX10.13.sdk   -o CMakeFiles/cmTC_d59ea.dir/CheckFunctionExists.c.o   -c /Applications/CLion.app/Contents/bin/cmake/share/cmake-3.9/Modules/CheckFunctionExists.c
Linking C executable cmTC_d59ea
/Applications/CLion.app/Contents/bin/cmake/bin/cmake -E cmake_link_script CMakeFiles/cmTC_d59ea.dir/link.txt --verbose=1
/Applications/Xcode.app/Contents/Developer/Toolchains/XcodeDefault.xctoolchain/usr/bin/cc -g -O3 -idirafter /Users/cjfire/Documents/code/CLion/CLionProjects/libs/SDL2-2.0.7/src/video/khronos -DCHECK_FUNCTION_EXISTS=getauxval -isysroot /Applications/Xcode.app/Contents/Developer/Platforms/MacOSX.platform/Developer/SDKs/MacOSX10.13.sdk -Wl,-search_paths_first -Wl,-headerpad_max_install_names   CMakeFiles/cmTC_d59ea.dir/CheckFunctionExists.c.o  -o cmTC_d59ea 
Undefined symbols for architecture x86_64:
  "_getauxval", referenced from:
      _main in CheckFunctionExists.c.o
ld: symbol(s) not found for architecture x86_64
clang: error: linker command failed with exit code 1 (use -v to see invocation)
make[1]: *** [cmTC_d59ea] Error 1
make: *** [cmTC_d59ea/fast] Error 2


Performing C SOURCE FILE Test HAVE_SEM_TIMEDWAIT failed with the following output:
Change Dir: /Users/cjfire/Documents/code/CLion/CLionProjects/CMakeFiles/CMakeTmp

Run Build Command:"/usr/bin/make" "cmTC_a286c/fast"
/Applications/Xcode.app/Contents/Developer/usr/bin/make -f CMakeFiles/cmTC_a286c.dir/build.make CMakeFiles/cmTC_a286c.dir/build
Building C object CMakeFiles/cmTC_a286c.dir/src.c.o
/Applications/Xcode.app/Contents/Developer/Toolchains/XcodeDefault.xctoolchain/usr/bin/cc   -g -O3 -idirafter /Users/cjfire/Documents/code/CLion/CLionProjects/libs/SDL2-2.0.7/src/video/khronos -DHAVE_SEM_TIMEDWAIT  -D_THREAD_SAFE -isysroot /Applications/Xcode.app/Contents/Developer/Platforms/MacOSX.platform/Developer/SDKs/MacOSX10.13.sdk   -o CMakeFiles/cmTC_a286c.dir/src.c.o   -c /Users/cjfire/Documents/code/CLion/CLionProjects/CMakeFiles/CMakeTmp/src.c
/Users/cjfire/Documents/code/CLion/CLionProjects/CMakeFiles/CMakeTmp/src.c:5:19: warning: implicit declaration of function 'sem_timedwait' is invalid in C99 [-Wimplicit-function-declaration]
                  sem_timedwait(NULL, NULL);
                  ^
1 warning generated.
Linking C executable cmTC_a286c
/Applications/CLion.app/Contents/bin/cmake/bin/cmake -E cmake_link_script CMakeFiles/cmTC_a286c.dir/link.txt --verbose=1
/Applications/Xcode.app/Contents/Developer/Toolchains/XcodeDefault.xctoolchain/usr/bin/cc -g -O3 -idirafter /Users/cjfire/Documents/code/CLion/CLionProjects/libs/SDL2-2.0.7/src/video/khronos -DHAVE_SEM_TIMEDWAIT  -D_THREAD_SAFE -isysroot /Applications/Xcode.app/Contents/Developer/Platforms/MacOSX.platform/Developer/SDKs/MacOSX10.13.sdk -Wl,-search_paths_first -Wl,-headerpad_max_install_names   CMakeFiles/cmTC_a286c.dir/src.c.o  -o cmTC_a286c 
Undefined symbols for architecture x86_64:
  "_sem_timedwait", referenced from:
      _main in src.c.o
ld: symbol(s) not found for architecture x86_64
clang: error: linker command failed with exit code 1 (use -v to see invocation)
make[1]: *** [cmTC_a286c] Error 1
make: *** [cmTC_a286c/fast] Error 2

Source file was:

              #include <pthread.h>
              #include <semaphore.h>
              int main(int argc, char **argv) {
                  sem_timedwait(NULL, NULL);
                  return 0;
              }
Performing C SOURCE FILE Test HAVE_PTHREAD_NP_H failed with the following output:
Change Dir: /Users/cjfire/Documents/code/CLion/CLionProjects/CMakeFiles/CMakeTmp

Run Build Command:"/usr/bin/make" "cmTC_9c6d4/fast"
/Applications/Xcode.app/Contents/Developer/usr/bin/make -f CMakeFiles/cmTC_9c6d4.dir/build.make CMakeFiles/cmTC_9c6d4.dir/build
Building C object CMakeFiles/cmTC_9c6d4.dir/src.c.o
/Applications/Xcode.app/Contents/Developer/Toolchains/XcodeDefault.xctoolchain/usr/bin/cc   -g -O3 -idirafter /Users/cjfire/Documents/code/CLion/CLionProjects/libs/SDL2-2.0.7/src/video/khronos -DHAVE_PTHREAD_NP_H  -D_THREAD_SAFE -isysroot /Applications/Xcode.app/Contents/Developer/Platforms/MacOSX.platform/Developer/SDKs/MacOSX10.13.sdk   -o CMakeFiles/cmTC_9c6d4.dir/src.c.o   -c /Users/cjfire/Documents/code/CLion/CLionProjects/CMakeFiles/CMakeTmp/src.c
/Users/cjfire/Documents/code/CLion/CLionProjects/CMakeFiles/CMakeTmp/src.c:3:20: fatal error: 'pthread_np.h' file not found
          #include <pthread_np.h>
                   ^~~~~~~~~~~~~~
1 error generated.
make[1]: *** [CMakeFiles/cmTC_9c6d4.dir/src.c.o] Error 1
make: *** [cmTC_9c6d4/fast] Error 2

Source file was:

          #include <pthread.h>
          #include <pthread_np.h>
          int main(int argc, char** argv) { return 0; }
Determining if the function pthread_set_name_np exists failed with the following output:
Change Dir: /Users/cjfire/Documents/code/CLion/CLionProjects/CMakeFiles/CMakeTmp

Run Build Command:"/usr/bin/make" "cmTC_60876/fast"
/Applications/Xcode.app/Contents/Developer/usr/bin/make -f CMakeFiles/cmTC_60876.dir/build.make CMakeFiles/cmTC_60876.dir/build
Building C object CMakeFiles/cmTC_60876.dir/CheckFunctionExists.c.o
/Applications/Xcode.app/Contents/Developer/Toolchains/XcodeDefault.xctoolchain/usr/bin/cc   -g -O3 -idirafter /Users/cjfire/Documents/code/CLion/CLionProjects/libs/SDL2-2.0.7/src/video/khronos -DCHECK_FUNCTION_EXISTS=pthread_set_name_np  -D_THREAD_SAFE -isysroot /Applications/Xcode.app/Contents/Developer/Platforms/MacOSX.platform/Developer/SDKs/MacOSX10.13.sdk   -o CMakeFiles/cmTC_60876.dir/CheckFunctionExists.c.o   -c /Applications/CLion.app/Contents/bin/cmake/share/cmake-3.9/Modules/CheckFunctionExists.c
Linking C executable cmTC_60876
/Applications/CLion.app/Contents/bin/cmake/bin/cmake -E cmake_link_script CMakeFiles/cmTC_60876.dir/link.txt --verbose=1
/Applications/Xcode.app/Contents/Developer/Toolchains/XcodeDefault.xctoolchain/usr/bin/cc -g -O3 -idirafter /Users/cjfire/Documents/code/CLion/CLionProjects/libs/SDL2-2.0.7/src/video/khronos -DCHECK_FUNCTION_EXISTS=pthread_set_name_np  -D_THREAD_SAFE -isysroot /Applications/Xcode.app/Contents/Developer/Platforms/MacOSX.platform/Developer/SDKs/MacOSX10.13.sdk -Wl,-search_paths_first -Wl,-headerpad_max_install_names   CMakeFiles/cmTC_60876.dir/CheckFunctionExists.c.o  -o cmTC_60876 
Undefined symbols for architecture x86_64:
  "_pthread_set_name_np", referenced from:
      _main in CheckFunctionExists.c.o
ld: symbol(s) not found for architecture x86_64
clang: error: linker command failed with exit code 1 (use -v to see invocation)
make[1]: *** [cmTC_60876] Error 1
make: *** [cmTC_60876/fast] Error 2


